2020-05-07 00:09:46 [main] DEBUG o.s.web.context.ContextLoader - Published root WebApplicationContext as ServletContext attribute with name [org.springframework.web.context.WebApplicationContext.ROOT]
2020-05-07 00:09:46 [main] INFO  o.s.web.context.ContextLoader - Root WebApplicationContext: initialization completed in 2679 ms
2020-05-07 00:09:53 [main] WARN  o.s.b.a.o.j.JpaBaseConfiguration$JpaWebConfiguration - spring.jpa.open-in-view is enabled by default. Therefore, database queries may be performed during view rendering. Explicitly configure spring.jpa.open-in-view to disable this warning
2020-05-07 00:09:53 [main] DEBUG o.s.w.s.m.m.a.RequestMappingHandlerMapping - 11 mappings in 'requestMappingHandlerMapping'
2020-05-07 00:09:53 [main] DEBUG o.s.w.s.m.m.a.RequestMappingHandlerAdapter - ControllerAdvice beans: 0 @ModelAttribute, 0 @InitBinder, 1 RequestBodyAdvice, 1 ResponseBodyAdvice
2020-05-07 00:09:54 [main] DEBUG o.s.w.s.h.SimpleUrlHandlerMapping - Patterns [/webjars/**, /**] in 'resourceHandlerMapping'
2020-05-07 00:09:54 [main] DEBUG o.s.w.s.m.m.a.ExceptionHandlerExceptionResolver - ControllerAdvice beans: 1 @ExceptionHandler, 1 ResponseBodyAdvice
2020-05-07 00:10:00 [http-nio-8083-exec-1] INFO  o.s.web.servlet.DispatcherServlet - Initializing Servlet 'dispatcherServlet'
2020-05-07 00:10:00 [http-nio-8083-exec-1] DEBUG o.s.web.servlet.DispatcherServlet - Detected StandardServletMultipartResolver
2020-05-07 00:10:00 [http-nio-8083-exec-1] DEBUG o.s.web.servlet.DispatcherServlet - enableLoggingRequestDetails='false': request parameters and headers will be masked to prevent unsafe logging of potentially sensitive data
2020-05-07 00:10:00 [http-nio-8083-exec-1] INFO  o.s.web.servlet.DispatcherServlet - Completed initialization in 10 ms
2020-05-07 00:10:00 [http-nio-8083-exec-1] DEBUG o.s.web.servlet.DispatcherServlet - POST "/api/v1/auth/signin", parameters={}
2020-05-07 00:10:00 [http-nio-8083-exec-1] DEBUG o.s.w.s.m.m.a.RequestMappingHandlerMapping - Mapped to com.jmendoza.springboot.security.controller.AuthenticateController#createToken(SignInRequest)
2020-05-07 00:10:00 [http-nio-8083-exec-1] DEBUG o.s.w.s.m.m.a.RequestResponseBodyMethodProcessor - Read "application/json;charset=UTF-8" to [com.jmendoza.springboot.security.model.request.SignInRequest@56572586]
2020-05-07 00:10:01 [http-nio-8083-exec-1] DEBUG o.s.w.s.m.m.a.ExceptionHandlerExceptionResolver - Using @ExceptionHandler com.jmendoza.springboot.security.exception.GlobalExceptionHandler#globalExceptionHandler(Exception, WebRequest)
2020-05-07 00:10:01 [http-nio-8083-exec-1] DEBUG o.s.w.s.m.m.a.HttpEntityMethodProcessor - Using 'application/json', given [*/*] and supported [application/json, application/*+json, application/json, application/*+json]
2020-05-07 00:10:01 [http-nio-8083-exec-1] DEBUG o.s.w.s.m.m.a.HttpEntityMethodProcessor - Writing [com.jmendoza.springboot.security.exception.ErrorDetails@8b9be0d]
2020-05-07 00:10:01 [http-nio-8083-exec-1] DEBUG o.s.w.s.m.m.a.ExceptionHandlerExceptionResolver - Resolved [org.springframework.security.authentication.InternalAuthenticationServiceException: UserDetailsService returned null, which is an interface contract violation]
2020-05-07 00:10:01 [http-nio-8083-exec-1] DEBUG o.s.web.servlet.DispatcherServlet - Completed 500 INTERNAL_SERVER_ERROR
2020-05-07 00:10:06 [http-nio-8083-exec-3] DEBUG o.s.web.servlet.DispatcherServlet - POST "/api/v1/auth/signup", parameters={}
2020-05-07 00:10:06 [http-nio-8083-exec-3] DEBUG o.s.w.s.m.m.a.RequestMappingHandlerMapping - Mapped to com.jmendoza.springboot.security.controller.AuthenticateController#createUser(SignUpRequest)
2020-05-07 00:10:06 [http-nio-8083-exec-3] DEBUG o.s.w.s.m.m.a.RequestResponseBodyMethodProcessor - Read "application/json;charset=UTF-8" to [SignUpRequest{firstName='Jonathan', lastName='Mendoza', email='jmendoza@gmail.com', password='123456 (truncated)...]
2020-05-07 00:10:06 [http-nio-8083-exec-3] DEBUG o.s.w.s.m.m.a.HttpEntityMethodProcessor - Using 'application/json', given [*/*] and supported [application/json, application/*+json, application/json, application/*+json]
2020-05-07 00:10:06 [http-nio-8083-exec-3] DEBUG o.s.w.s.m.m.a.HttpEntityMethodProcessor - Writing [SignUpResponse{id=1038, firstName='Jonathan', lastName='Mendoza', email='jmendoza@gmail.com'}]
2020-05-07 00:10:06 [http-nio-8083-exec-3] DEBUG o.s.web.servlet.DispatcherServlet - Completed 201 CREATED
2020-05-07 00:10:12 [http-nio-8083-exec-4] DEBUG o.s.web.servlet.DispatcherServlet - POST "/api/v1/auth/signup", parameters={}
2020-05-07 00:10:12 [http-nio-8083-exec-4] DEBUG o.s.w.s.m.m.a.RequestMappingHandlerMapping - Mapped to com.jmendoza.springboot.security.controller.AuthenticateController#createUser(SignUpRequest)
2020-05-07 00:10:12 [http-nio-8083-exec-4] DEBUG o.s.w.s.m.m.a.RequestResponseBodyMethodProcessor - Read "application/json;charset=UTF-8" to [SignUpRequest{firstName='Jonathan', lastName='Mendoza', email='jmendoza@gmail.com', password='123456 (truncated)...]
2020-05-07 00:10:12 [http-nio-8083-exec-4] DEBUG o.s.w.s.m.m.a.ExceptionHandlerExceptionResolver - Using @ExceptionHandler com.jmendoza.springboot.security.exception.GlobalExceptionHandler#globalExceptionHandler(Exception, WebRequest)
2020-05-07 00:10:12 [http-nio-8083-exec-4] DEBUG o.s.w.s.m.m.a.HttpEntityMethodProcessor - Using 'application/json', given [*/*] and supported [application/json, application/*+json, application/json, application/*+json]
2020-05-07 00:10:12 [http-nio-8083-exec-4] DEBUG o.s.w.s.m.m.a.HttpEntityMethodProcessor - Writing [com.jmendoza.springboot.security.exception.ErrorDetails@64daa645]
2020-05-07 00:10:12 [http-nio-8083-exec-4] DEBUG o.s.w.s.m.m.a.ExceptionHandlerExceptionResolver - Resolved [com.jmendoza.springboot.security.exception.GlobalException: Email is already in use]
2020-05-07 00:10:12 [http-nio-8083-exec-4] DEBUG o.s.web.servlet.DispatcherServlet - Completed 500 INTERNAL_SERVER_ERROR
2020-05-07 00:11:26 [main] DEBUG o.s.web.context.ContextLoader - Published root WebApplicationContext as ServletContext attribute with name [org.springframework.web.context.WebApplicationContext.ROOT]
2020-05-07 00:11:26 [main] INFO  o.s.web.context.ContextLoader - Root WebApplicationContext: initialization completed in 2841 ms
2020-05-07 00:11:28 [main] WARN  o.s.b.a.o.j.JpaBaseConfiguration$JpaWebConfiguration - spring.jpa.open-in-view is enabled by default. Therefore, database queries may be performed during view rendering. Explicitly configure spring.jpa.open-in-view to disable this warning
2020-05-07 00:11:28 [main] DEBUG o.s.w.s.m.m.a.RequestMappingHandlerMapping - 11 mappings in 'requestMappingHandlerMapping'
2020-05-07 00:11:29 [main] DEBUG o.s.w.s.m.m.a.RequestMappingHandlerAdapter - ControllerAdvice beans: 0 @ModelAttribute, 0 @InitBinder, 1 RequestBodyAdvice, 1 ResponseBodyAdvice
2020-05-07 00:11:29 [main] DEBUG o.s.w.s.h.SimpleUrlHandlerMapping - Patterns [/webjars/**, /**] in 'resourceHandlerMapping'
2020-05-07 00:11:29 [main] DEBUG o.s.w.s.m.m.a.ExceptionHandlerExceptionResolver - ControllerAdvice beans: 1 @ExceptionHandler, 1 ResponseBodyAdvice
2020-05-07 00:11:44 [http-nio-8083-exec-1] INFO  o.s.web.servlet.DispatcherServlet - Initializing Servlet 'dispatcherServlet'
2020-05-07 00:11:44 [http-nio-8083-exec-1] DEBUG o.s.web.servlet.DispatcherServlet - Detected StandardServletMultipartResolver
2020-05-07 00:11:44 [http-nio-8083-exec-1] DEBUG o.s.web.servlet.DispatcherServlet - enableLoggingRequestDetails='false': request parameters and headers will be masked to prevent unsafe logging of potentially sensitive data
2020-05-07 00:11:44 [http-nio-8083-exec-1] INFO  o.s.web.servlet.DispatcherServlet - Completed initialization in 9 ms
2020-05-07 00:11:45 [http-nio-8083-exec-1] DEBUG o.s.web.servlet.DispatcherServlet - POST "/api/v1/auth/signin", parameters={}
2020-05-07 00:11:45 [http-nio-8083-exec-1] DEBUG o.s.w.s.m.m.a.RequestMappingHandlerMapping - Mapped to com.jmendoza.springboot.security.controller.AuthenticateController#createToken(SignInRequest)
2020-05-07 00:11:45 [http-nio-8083-exec-1] DEBUG o.s.w.s.m.m.a.RequestResponseBodyMethodProcessor - Read "application/json;charset=UTF-8" to [com.jmendoza.springboot.security.model.request.SignInRequest@1ca5ad1c]
2020-05-07 00:11:45 [http-nio-8083-exec-1] DEBUG o.s.w.s.m.m.a.ExceptionHandlerExceptionResolver - Using @ExceptionHandler com.jmendoza.springboot.security.exception.GlobalExceptionHandler#globalExceptionHandler(Exception, WebRequest)
2020-05-07 00:11:45 [http-nio-8083-exec-1] DEBUG o.s.w.s.m.m.a.HttpEntityMethodProcessor - Using 'application/json', given [*/*] and supported [application/json, application/*+json, application/json, application/*+json]
2020-05-07 00:11:45 [http-nio-8083-exec-1] DEBUG o.s.w.s.m.m.a.HttpEntityMethodProcessor - Writing [com.jmendoza.springboot.security.exception.ErrorDetails@35ab58cc]
2020-05-07 00:11:45 [http-nio-8083-exec-1] DEBUG o.s.w.s.m.m.a.ExceptionHandlerExceptionResolver - Resolved [org.springframework.security.authentication.InternalAuthenticationServiceException: UserDetailsService returned null, which is an interface contract violation]
2020-05-07 00:11:45 [http-nio-8083-exec-1] DEBUG o.s.web.servlet.DispatcherServlet - Completed 500 INTERNAL_SERVER_ERROR
2020-05-07 00:11:48 [http-nio-8083-exec-3] DEBUG o.s.web.servlet.DispatcherServlet - POST "/api/v1/auth/signup", parameters={}
2020-05-07 00:11:48 [http-nio-8083-exec-3] DEBUG o.s.w.s.m.m.a.RequestMappingHandlerMapping - Mapped to com.jmendoza.springboot.security.controller.AuthenticateController#createUser(SignUpRequest)
2020-05-07 00:11:48 [http-nio-8083-exec-3] DEBUG o.s.w.s.m.m.a.RequestResponseBodyMethodProcessor - Read "application/json;charset=UTF-8" to [SignUpRequest{firstName='Jonathan', lastName='Mendoza', email='jmendoza@gmail.com', password='123456 (truncated)...]
2020-05-07 00:11:48 [http-nio-8083-exec-3] DEBUG o.s.w.s.m.m.a.HttpEntityMethodProcessor - Using 'application/json', given [*/*] and supported [application/json, application/*+json, application/json, application/*+json]
2020-05-07 00:11:48 [http-nio-8083-exec-3] DEBUG o.s.w.s.m.m.a.HttpEntityMethodProcessor - Writing [SignUpResponse{id=1039, firstName='Jonathan', lastName='Mendoza', email='jmendoza@gmail.com'}]
2020-05-07 00:11:48 [http-nio-8083-exec-3] DEBUG o.s.web.servlet.DispatcherServlet - Completed 201 CREATED
2020-05-07 00:11:51 [http-nio-8083-exec-2] DEBUG o.s.web.servlet.DispatcherServlet - POST "/api/v1/auth/signin", parameters={}
2020-05-07 00:11:51 [http-nio-8083-exec-2] DEBUG o.s.w.s.m.m.a.RequestMappingHandlerMapping - Mapped to com.jmendoza.springboot.security.controller.AuthenticateController#createToken(SignInRequest)
2020-05-07 00:11:51 [http-nio-8083-exec-2] DEBUG o.s.w.s.m.m.a.RequestResponseBodyMethodProcessor - Read "application/json;charset=UTF-8" to [com.jmendoza.springboot.security.model.request.SignInRequest@7338308b]
2020-05-07 00:11:51 [http-nio-8083-exec-2] DEBUG o.s.w.s.m.m.a.HttpEntityMethodProcessor - Using 'application/json', given [*/*] and supported [application/json, application/*+json, application/json, application/*+json]
2020-05-07 00:11:51 [http-nio-8083-exec-2] DEBUG o.s.w.s.m.m.a.HttpEntityMethodProcessor - Writing [com.jmendoza.springboot.security.model.response.SignInResponse@4b04cced]
2020-05-07 00:11:51 [http-nio-8083-exec-2] DEBUG o.s.web.servlet.DispatcherServlet - Completed 200 OK
2020-05-07 00:11:55 [http-nio-8083-exec-4] DEBUG o.s.web.servlet.DispatcherServlet - POST "/api/v1/auth/signup", parameters={}
2020-05-07 00:11:55 [http-nio-8083-exec-4] DEBUG o.s.w.s.m.m.a.RequestMappingHandlerMapping - Mapped to com.jmendoza.springboot.security.controller.AuthenticateController#createUser(SignUpRequest)
2020-05-07 00:11:55 [http-nio-8083-exec-4] DEBUG o.s.w.s.m.m.a.RequestResponseBodyMethodProcessor - Read "application/json;charset=UTF-8" to [SignUpRequest{firstName='Jonathan', lastName='Mendoza', email='jmendoza@gmail.com', password='123456 (truncated)...]
2020-05-07 00:11:55 [http-nio-8083-exec-4] DEBUG o.s.w.s.m.m.a.ExceptionHandlerExceptionResolver - Using @ExceptionHandler com.jmendoza.springboot.security.exception.GlobalExceptionHandler#globalExceptionHandler(Exception, WebRequest)
2020-05-07 00:11:55 [http-nio-8083-exec-4] DEBUG o.s.w.s.m.m.a.HttpEntityMethodProcessor - Using 'application/json', given [*/*] and supported [application/json, application/*+json, application/json, application/*+json]
2020-05-07 00:11:55 [http-nio-8083-exec-4] DEBUG o.s.w.s.m.m.a.HttpEntityMethodProcessor - Writing [com.jmendoza.springboot.security.exception.ErrorDetails@667b40f6]
2020-05-07 00:11:55 [http-nio-8083-exec-4] DEBUG o.s.w.s.m.m.a.ExceptionHandlerExceptionResolver - Resolved [com.jmendoza.springboot.security.exception.GlobalException: This email is already registered]
2020-05-07 00:11:55 [http-nio-8083-exec-4] DEBUG o.s.web.servlet.DispatcherServlet - Completed 500 INTERNAL_SERVER_ERROR
2020-05-07 00:11:57 [http-nio-8083-exec-5] DEBUG o.s.web.servlet.DispatcherServlet - POST "/api/v1/auth/signup", parameters={}
2020-05-07 00:11:57 [http-nio-8083-exec-5] DEBUG o.s.w.s.m.m.a.RequestMappingHandlerMapping - Mapped to com.jmendoza.springboot.security.controller.AuthenticateController#createUser(SignUpRequest)
2020-05-07 00:11:57 [http-nio-8083-exec-5] DEBUG o.s.w.s.m.m.a.RequestResponseBodyMethodProcessor - Read "application/json;charset=UTF-8" to [SignUpRequest{firstName='Jonathan', lastName='Mendoza', email='jmendoza@gmail.com', password='123456 (truncated)...]
2020-05-07 00:11:57 [http-nio-8083-exec-5] DEBUG o.s.w.s.m.m.a.ExceptionHandlerExceptionResolver - Using @ExceptionHandler com.jmendoza.springboot.security.exception.GlobalExceptionHandler#globalExceptionHandler(Exception, WebRequest)
2020-05-07 00:11:57 [http-nio-8083-exec-5] DEBUG o.s.w.s.m.m.a.HttpEntityMethodProcessor - Using 'application/json', given [*/*] and supported [application/json, application/*+json, application/json, application/*+json]
2020-05-07 00:11:57 [http-nio-8083-exec-5] DEBUG o.s.w.s.m.m.a.HttpEntityMethodProcessor - Writing [com.jmendoza.springboot.security.exception.ErrorDetails@7e76c1ac]
2020-05-07 00:11:57 [http-nio-8083-exec-5] DEBUG o.s.w.s.m.m.a.ExceptionHandlerExceptionResolver - Resolved [com.jmendoza.springboot.security.exception.GlobalException: This email is already registered]
2020-05-07 00:11:57 [http-nio-8083-exec-5] DEBUG o.s.web.servlet.DispatcherServlet - Completed 500 INTERNAL_SERVER_ERROR
2020-05-07 00:12:06 [http-nio-8083-exec-6] DEBUG o.s.web.servlet.DispatcherServlet - POST "/api/v1/auth/signup", parameters={}
2020-05-07 00:12:06 [http-nio-8083-exec-6] DEBUG o.s.w.s.m.m.a.RequestMappingHandlerMapping - Mapped to com.jmendoza.springboot.security.controller.AuthenticateController#createUser(SignUpRequest)
2020-05-07 00:12:06 [http-nio-8083-exec-6] DEBUG o.s.w.s.m.m.a.RequestResponseBodyMethodProcessor - Read "application/json;charset=UTF-8" to [SignUpRequest{firstName='Jonathan', lastName='Mendoza', email='jmendoza@gmail.com', password='123456 (truncated)...]
2020-05-07 00:12:06 [http-nio-8083-exec-6] DEBUG o.s.w.s.m.m.a.ExceptionHandlerExceptionResolver - Using @ExceptionHandler com.jmendoza.springboot.security.exception.GlobalExceptionHandler#globalExceptionHandler(Exception, WebRequest)
2020-05-07 00:12:06 [http-nio-8083-exec-6] DEBUG o.s.w.s.m.m.a.HttpEntityMethodProcessor - Using 'application/json', given [*/*] and supported [application/json, application/*+json, application/json, application/*+json]
2020-05-07 00:12:06 [http-nio-8083-exec-6] DEBUG o.s.w.s.m.m.a.HttpEntityMethodProcessor - Writing [com.jmendoza.springboot.security.exception.ErrorDetails@2eb26b72]
2020-05-07 00:12:06 [http-nio-8083-exec-6] DEBUG o.s.w.s.m.m.a.ExceptionHandlerExceptionResolver - Resolved [com.jmendoza.springboot.security.exception.GlobalException: This email is already registered]
2020-05-07 00:12:06 [http-nio-8083-exec-6] DEBUG o.s.web.servlet.DispatcherServlet - Completed 500 INTERNAL_SERVER_ERROR
2020-05-07 00:14:30 [main] DEBUG o.s.web.context.ContextLoader - Published root WebApplicationContext as ServletContext attribute with name [org.springframework.web.context.WebApplicationContext.ROOT]
2020-05-07 00:14:30 [main] INFO  o.s.web.context.ContextLoader - Root WebApplicationContext: initialization completed in 2745 ms
2020-05-07 00:14:32 [main] WARN  o.s.b.a.o.j.JpaBaseConfiguration$JpaWebConfiguration - spring.jpa.open-in-view is enabled by default. Therefore, database queries may be performed during view rendering. Explicitly configure spring.jpa.open-in-view to disable this warning
2020-05-07 00:14:33 [main] DEBUG o.s.w.s.m.m.a.RequestMappingHandlerMapping - 11 mappings in 'requestMappingHandlerMapping'
2020-05-07 00:14:34 [main] DEBUG o.s.w.s.m.m.a.RequestMappingHandlerAdapter - ControllerAdvice beans: 0 @ModelAttribute, 0 @InitBinder, 1 RequestBodyAdvice, 1 ResponseBodyAdvice
2020-05-07 00:14:34 [main] DEBUG o.s.w.s.h.SimpleUrlHandlerMapping - Patterns [/webjars/**, /**] in 'resourceHandlerMapping'
2020-05-07 00:14:34 [main] DEBUG o.s.w.s.m.m.a.ExceptionHandlerExceptionResolver - ControllerAdvice beans: 1 @ExceptionHandler, 1 ResponseBodyAdvice
2020-05-07 00:14:41 [http-nio-8083-exec-1] INFO  o.s.web.servlet.DispatcherServlet - Initializing Servlet 'dispatcherServlet'
2020-05-07 00:14:41 [http-nio-8083-exec-1] DEBUG o.s.web.servlet.DispatcherServlet - Detected StandardServletMultipartResolver
2020-05-07 00:14:41 [http-nio-8083-exec-1] DEBUG o.s.web.servlet.DispatcherServlet - enableLoggingRequestDetails='false': request parameters and headers will be masked to prevent unsafe logging of potentially sensitive data
2020-05-07 00:14:41 [http-nio-8083-exec-1] INFO  o.s.web.servlet.DispatcherServlet - Completed initialization in 6 ms
2020-05-07 00:14:41 [http-nio-8083-exec-1] DEBUG o.s.web.servlet.DispatcherServlet - POST "/api/v1/auth/signin", parameters={}
2020-05-07 00:14:41 [http-nio-8083-exec-1] DEBUG o.s.w.s.m.m.a.RequestMappingHandlerMapping - Mapped to com.jmendoza.springboot.security.controller.AuthenticateController#createToken(SignInRequest)
2020-05-07 00:14:41 [http-nio-8083-exec-1] DEBUG o.s.w.s.m.m.a.RequestResponseBodyMethodProcessor - Read "application/json;charset=UTF-8" to [com.jmendoza.springboot.security.model.request.SignInRequest@48f493b0]
2020-05-07 00:14:42 [http-nio-8083-exec-1] DEBUG o.s.w.s.m.m.a.ExceptionHandlerExceptionResolver - Using @ExceptionHandler com.jmendoza.springboot.security.exception.GlobalExceptionHandler#globalExceptionHandler(Exception, WebRequest)
2020-05-07 00:14:42 [http-nio-8083-exec-1] DEBUG o.s.w.s.m.m.a.HttpEntityMethodProcessor - Using 'application/json', given [*/*] and supported [application/json, application/*+json, application/json, application/*+json]
2020-05-07 00:14:42 [http-nio-8083-exec-1] DEBUG o.s.w.s.m.m.a.HttpEntityMethodProcessor - Writing [com.jmendoza.springboot.security.exception.ErrorDetails@de88dbc]
2020-05-07 00:14:42 [http-nio-8083-exec-1] DEBUG o.s.w.s.m.m.a.ExceptionHandlerExceptionResolver - Resolved [org.springframework.security.authentication.InternalAuthenticationServiceException: UserDetailsService returned null, which is an interface contract violation]
2020-05-07 00:14:42 [http-nio-8083-exec-1] DEBUG o.s.web.servlet.DispatcherServlet - Completed 500 INTERNAL_SERVER_ERROR
2020-05-07 00:14:45 [http-nio-8083-exec-2] DEBUG o.s.web.servlet.DispatcherServlet - POST "/api/v1/auth/signup", parameters={}
2020-05-07 00:14:45 [http-nio-8083-exec-2] DEBUG o.s.w.s.m.m.a.RequestMappingHandlerMapping - Mapped to com.jmendoza.springboot.security.controller.AuthenticateController#createUser(SignUpRequest)
2020-05-07 00:14:45 [http-nio-8083-exec-2] DEBUG o.s.w.s.m.m.a.RequestResponseBodyMethodProcessor - Read "application/json;charset=UTF-8" to [SignUpRequest{firstName='Jonathan', lastName='Mendoza', email='jmendoza@gmail.com', password='123456 (truncated)...]
2020-05-07 00:14:45 [http-nio-8083-exec-2] DEBUG o.s.w.s.m.m.a.HttpEntityMethodProcessor - Using 'application/json', given [*/*] and supported [application/json, application/*+json, application/json, application/*+json]
2020-05-07 00:14:45 [http-nio-8083-exec-2] DEBUG o.s.w.s.m.m.a.HttpEntityMethodProcessor - Writing [SignUpResponse{id=1040, firstName='Jonathan', lastName='Mendoza', email='jmendoza@gmail.com'}]
2020-05-07 00:14:45 [http-nio-8083-exec-2] DEBUG o.s.web.servlet.DispatcherServlet - Completed 201 CREATED
2020-05-07 00:14:49 [http-nio-8083-exec-3] DEBUG o.s.web.servlet.DispatcherServlet - POST "/api/v1/auth/signup", parameters={}
2020-05-07 00:14:49 [http-nio-8083-exec-3] DEBUG o.s.w.s.m.m.a.RequestMappingHandlerMapping - Mapped to com.jmendoza.springboot.security.controller.AuthenticateController#createUser(SignUpRequest)
2020-05-07 00:14:49 [http-nio-8083-exec-3] DEBUG o.s.w.s.m.m.a.RequestResponseBodyMethodProcessor - Read "application/json;charset=UTF-8" to [SignUpRequest{firstName='Jonathan', lastName='Mendoza', email='jmendoza@gmail.com', password='123456 (truncated)...]
2020-05-07 00:14:49 [http-nio-8083-exec-3] DEBUG o.s.w.s.m.m.a.ExceptionHandlerExceptionResolver - Using @ExceptionHandler com.jmendoza.springboot.security.exception.GlobalExceptionHandler#globalExceptionHandler(Exception, WebRequest)
2020-05-07 00:14:49 [http-nio-8083-exec-3] DEBUG o.s.w.s.m.m.a.HttpEntityMethodProcessor - Using 'application/json', given [*/*] and supported [application/json, application/*+json, application/json, application/*+json]
2020-05-07 00:14:49 [http-nio-8083-exec-3] DEBUG o.s.w.s.m.m.a.HttpEntityMethodProcessor - Writing [com.jmendoza.springboot.security.exception.ErrorDetails@6fe7912d]
2020-05-07 00:14:49 [http-nio-8083-exec-3] DEBUG o.s.w.s.m.m.a.ExceptionHandlerExceptionResolver - Resolved [com.jmendoza.springboot.security.exception.GlobalException: This email is already registered]
2020-05-07 00:14:49 [http-nio-8083-exec-3] DEBUG o.s.web.servlet.DispatcherServlet - Completed 500 INTERNAL_SERVER_ERROR
2020-05-07 00:14:54 [http-nio-8083-exec-4] DEBUG o.s.web.servlet.DispatcherServlet - POST "/api/v1/auth/signup", parameters={}
2020-05-07 00:14:54 [http-nio-8083-exec-4] DEBUG o.s.w.s.m.m.a.RequestMappingHandlerMapping - Mapped to com.jmendoza.springboot.security.controller.AuthenticateController#createUser(SignUpRequest)
2020-05-07 00:14:54 [http-nio-8083-exec-4] DEBUG o.s.w.s.m.m.a.RequestResponseBodyMethodProcessor - Read "application/json;charset=UTF-8" to [SignUpRequest{firstName='Jonathan', lastName='Mendoza', email='jmendoza2@gmail.com', password='12345 (truncated)...]
2020-05-07 00:14:54 [http-nio-8083-exec-4] DEBUG o.s.w.s.m.m.a.HttpEntityMethodProcessor - Using 'application/json', given [*/*] and supported [application/json, application/*+json, application/json, application/*+json]
2020-05-07 00:14:54 [http-nio-8083-exec-4] DEBUG o.s.w.s.m.m.a.HttpEntityMethodProcessor - Writing [SignUpResponse{id=1041, firstName='Jonathan', lastName='Mendoza', email='jmendoza2@gmail.com'}]
2020-05-07 00:14:54 [http-nio-8083-exec-4] DEBUG o.s.web.servlet.DispatcherServlet - Completed 201 CREATED
2020-05-07 00:14:58 [http-nio-8083-exec-5] DEBUG o.s.web.servlet.DispatcherServlet - POST "/api/v1/auth/signup", parameters={}
2020-05-07 00:14:58 [http-nio-8083-exec-5] DEBUG o.s.w.s.m.m.a.RequestMappingHandlerMapping - Mapped to com.jmendoza.springboot.security.controller.AuthenticateController#createUser(SignUpRequest)
2020-05-07 00:14:58 [http-nio-8083-exec-5] DEBUG o.s.w.s.m.m.a.RequestResponseBodyMethodProcessor - Read "application/json;charset=UTF-8" to [SignUpRequest{firstName='Jonathan', lastName='Mendoza', email='jmendoza2@gmail.com', password='12345 (truncated)...]
2020-05-07 00:14:58 [http-nio-8083-exec-5] DEBUG o.s.w.s.m.m.a.ExceptionHandlerExceptionResolver - Using @ExceptionHandler com.jmendoza.springboot.security.exception.GlobalExceptionHandler#globalExceptionHandler(Exception, WebRequest)
2020-05-07 00:14:58 [http-nio-8083-exec-5] DEBUG o.s.w.s.m.m.a.HttpEntityMethodProcessor - Using 'application/json', given [*/*] and supported [application/json, application/*+json, application/json, application/*+json]
2020-05-07 00:14:58 [http-nio-8083-exec-5] DEBUG o.s.w.s.m.m.a.HttpEntityMethodProcessor - Writing [com.jmendoza.springboot.security.exception.ErrorDetails@6db8aebc]
2020-05-07 00:14:58 [http-nio-8083-exec-5] DEBUG o.s.w.s.m.m.a.ExceptionHandlerExceptionResolver - Resolved [com.jmendoza.springboot.security.exception.GlobalException: This email is already registered]
2020-05-07 00:14:58 [http-nio-8083-exec-5] DEBUG o.s.web.servlet.DispatcherServlet - Completed 500 INTERNAL_SERVER_ERROR
2020-05-07 00:15:05 [http-nio-8083-exec-6] DEBUG o.s.web.servlet.DispatcherServlet - POST "/api/v1/auth/signin", parameters={}
2020-05-07 00:15:05 [http-nio-8083-exec-6] DEBUG o.s.w.s.m.m.a.RequestMappingHandlerMapping - Mapped to com.jmendoza.springboot.security.controller.AuthenticateController#createToken(SignInRequest)
2020-05-07 00:15:05 [http-nio-8083-exec-6] DEBUG o.s.w.s.m.m.a.RequestResponseBodyMethodProcessor - Read "application/json;charset=UTF-8" to [com.jmendoza.springboot.security.model.request.SignInRequest@35ed8e3d]
2020-05-07 00:15:05 [http-nio-8083-exec-6] DEBUG o.s.w.s.m.m.a.HttpEntityMethodProcessor - Using 'application/json', given [*/*] and supported [application/json, application/*+json, application/json, application/*+json]
2020-05-07 00:15:05 [http-nio-8083-exec-6] DEBUG o.s.w.s.m.m.a.HttpEntityMethodProcessor - Writing [com.jmendoza.springboot.security.model.response.SignInResponse@277341ff]
2020-05-07 00:15:05 [http-nio-8083-exec-6] DEBUG o.s.web.servlet.DispatcherServlet - Completed 200 OK
2020-05-07 00:15:09 [http-nio-8083-exec-7] DEBUG o.s.web.servlet.DispatcherServlet - POST "/api/v1/auth/signin", parameters={}
2020-05-07 00:15:09 [http-nio-8083-exec-7] DEBUG o.s.w.s.m.m.a.RequestMappingHandlerMapping - Mapped to com.jmendoza.springboot.security.controller.AuthenticateController#createToken(SignInRequest)
2020-05-07 00:15:09 [http-nio-8083-exec-7] DEBUG o.s.w.s.m.m.a.RequestResponseBodyMethodProcessor - Read "application/json;charset=UTF-8" to [com.jmendoza.springboot.security.model.request.SignInRequest@79f2f9cc]
2020-05-07 00:15:09 [http-nio-8083-exec-7] DEBUG o.s.w.s.m.m.a.ExceptionHandlerExceptionResolver - Using @ExceptionHandler com.jmendoza.springboot.security.exception.GlobalExceptionHandler#globalExceptionHandler(Exception, WebRequest)
2020-05-07 00:15:09 [http-nio-8083-exec-7] DEBUG o.s.w.s.m.m.a.HttpEntityMethodProcessor - Using 'application/json', given [*/*] and supported [application/json, application/*+json, application/json, application/*+json]
2020-05-07 00:15:09 [http-nio-8083-exec-7] DEBUG o.s.w.s.m.m.a.HttpEntityMethodProcessor - Writing [com.jmendoza.springboot.security.exception.ErrorDetails@58dab12d]
2020-05-07 00:15:09 [http-nio-8083-exec-7] DEBUG o.s.w.s.m.m.a.ExceptionHandlerExceptionResolver - Resolved [org.springframework.security.authentication.InternalAuthenticationServiceException: UserDetailsService returned null, which is an interface contract violation]
2020-05-07 00:15:09 [http-nio-8083-exec-7] DEBUG o.s.web.servlet.DispatcherServlet - Completed 500 INTERNAL_SERVER_ERROR
2020-05-07 00:15:15 [http-nio-8083-exec-8] DEBUG o.s.web.servlet.DispatcherServlet - POST "/api/v1/auth/signin", parameters={}
2020-05-07 00:15:15 [http-nio-8083-exec-8] DEBUG o.s.w.s.m.m.a.RequestMappingHandlerMapping - Mapped to com.jmendoza.springboot.security.controller.AuthenticateController#createToken(SignInRequest)
2020-05-07 00:15:15 [http-nio-8083-exec-8] DEBUG o.s.w.s.m.m.a.RequestResponseBodyMethodProcessor - Read "application/json;charset=UTF-8" to [com.jmendoza.springboot.security.model.request.SignInRequest@7672061c]
2020-05-07 00:15:16 [http-nio-8083-exec-8] DEBUG o.s.w.s.m.m.a.HttpEntityMethodProcessor - Using 'application/json', given [*/*] and supported [application/json, application/*+json, application/json, application/*+json]
2020-05-07 00:15:16 [http-nio-8083-exec-8] DEBUG o.s.w.s.m.m.a.HttpEntityMethodProcessor - Writing [com.jmendoza.springboot.security.model.response.SignInResponse@6bb58bc]
2020-05-07 00:15:16 [http-nio-8083-exec-8] DEBUG o.s.web.servlet.DispatcherServlet - Completed 200 OK
2020-05-07 00:15:21 [http-nio-8083-exec-9] DEBUG o.s.web.servlet.DispatcherServlet - POST "/api/v1/auth/signin", parameters={}
2020-05-07 00:15:21 [http-nio-8083-exec-9] DEBUG o.s.w.s.m.m.a.RequestMappingHandlerMapping - Mapped to com.jmendoza.springboot.security.controller.AuthenticateController#createToken(SignInRequest)
2020-05-07 00:15:21 [http-nio-8083-exec-9] DEBUG o.s.w.s.m.m.a.RequestResponseBodyMethodProcessor - Read "application/json;charset=UTF-8" to [com.jmendoza.springboot.security.model.request.SignInRequest@1a2e86aa]
2020-05-07 00:15:21 [http-nio-8083-exec-9] DEBUG o.s.w.s.m.m.a.HttpEntityMethodProcessor - Using 'application/json', given [*/*] and supported [application/json, application/*+json, application/json, application/*+json]
2020-05-07 00:15:21 [http-nio-8083-exec-9] DEBUG o.s.w.s.m.m.a.HttpEntityMethodProcessor - Writing [com.jmendoza.springboot.security.model.response.SignInResponse@3f72ac43]
2020-05-07 00:15:21 [http-nio-8083-exec-9] DEBUG o.s.web.servlet.DispatcherServlet - Completed 200 OK
2020-05-07 00:15:29 [http-nio-8083-exec-10] DEBUG o.s.web.servlet.DispatcherServlet - POST "/api/v1/auth/signup", parameters={}
2020-05-07 00:15:29 [http-nio-8083-exec-10] DEBUG o.s.w.s.m.m.a.RequestMappingHandlerMapping - Mapped to com.jmendoza.springboot.security.controller.AuthenticateController#createUser(SignUpRequest)
2020-05-07 00:15:29 [http-nio-8083-exec-10] DEBUG o.s.w.s.m.m.a.RequestResponseBodyMethodProcessor - Read "application/json;charset=UTF-8" to [SignUpRequest{firstName='Jonathan', lastName='Mendoza', email='jmendoza@gmail.com', password='123456 (truncated)...]
2020-05-07 00:15:29 [http-nio-8083-exec-10] DEBUG o.s.w.s.m.m.a.ExceptionHandlerExceptionResolver - Using @ExceptionHandler com.jmendoza.springboot.security.exception.GlobalExceptionHandler#globalExceptionHandler(Exception, WebRequest)
2020-05-07 00:15:29 [http-nio-8083-exec-10] DEBUG o.s.w.s.m.m.a.HttpEntityMethodProcessor - Using 'application/json', given [*/*] and supported [application/json, application/*+json, application/json, application/*+json]
2020-05-07 00:15:29 [http-nio-8083-exec-10] DEBUG o.s.w.s.m.m.a.HttpEntityMethodProcessor - Writing [com.jmendoza.springboot.security.exception.ErrorDetails@45e247c9]
2020-05-07 00:15:29 [http-nio-8083-exec-10] DEBUG o.s.w.s.m.m.a.ExceptionHandlerExceptionResolver - Resolved [com.jmendoza.springboot.security.exception.GlobalException: This email is already registered]
2020-05-07 00:15:29 [http-nio-8083-exec-10] DEBUG o.s.web.servlet.DispatcherServlet - Completed 500 INTERNAL_SERVER_ERROR
2020-05-07 00:15:34 [http-nio-8083-exec-1] DEBUG o.s.web.servlet.DispatcherServlet - POST "/api/v1/auth/signup", parameters={}
2020-05-07 00:15:34 [http-nio-8083-exec-1] DEBUG o.s.w.s.m.m.a.RequestMappingHandlerMapping - Mapped to com.jmendoza.springboot.security.controller.AuthenticateController#createUser(SignUpRequest)
2020-05-07 00:15:34 [http-nio-8083-exec-1] DEBUG o.s.w.s.m.m.a.RequestResponseBodyMethodProcessor - Read "application/json;charset=UTF-8" to [SignUpRequest{firstName='Jonathan', lastName='Mendoza', email='jmendoza2@gmail.com', password='12345 (truncated)...]
2020-05-07 00:15:34 [http-nio-8083-exec-1] DEBUG o.s.w.s.m.m.a.ExceptionHandlerExceptionResolver - Using @ExceptionHandler com.jmendoza.springboot.security.exception.GlobalExceptionHandler#globalExceptionHandler(Exception, WebRequest)
2020-05-07 00:15:34 [http-nio-8083-exec-1] DEBUG o.s.w.s.m.m.a.HttpEntityMethodProcessor - Using 'application/json', given [*/*] and supported [application/json, application/*+json, application/json, application/*+json]
2020-05-07 00:15:34 [http-nio-8083-exec-1] DEBUG o.s.w.s.m.m.a.HttpEntityMethodProcessor - Writing [com.jmendoza.springboot.security.exception.ErrorDetails@7467bf61]
2020-05-07 00:15:34 [http-nio-8083-exec-1] DEBUG o.s.w.s.m.m.a.ExceptionHandlerExceptionResolver - Resolved [com.jmendoza.springboot.security.exception.GlobalException: This email is already registered]
2020-05-07 00:15:34 [http-nio-8083-exec-1] DEBUG o.s.web.servlet.DispatcherServlet - Completed 500 INTERNAL_SERVER_ERROR
2020-05-07 00:15:40 [http-nio-8083-exec-2] DEBUG o.s.web.servlet.DispatcherServlet - POST "/api/v1/auth/signup", parameters={}
2020-05-07 00:15:40 [http-nio-8083-exec-2] DEBUG o.s.w.s.m.m.a.RequestMappingHandlerMapping - Mapped to com.jmendoza.springboot.security.controller.AuthenticateController#createUser(SignUpRequest)
2020-05-07 00:15:40 [http-nio-8083-exec-2] DEBUG o.s.w.s.m.m.a.RequestResponseBodyMethodProcessor - Read "application/json;charset=UTF-8" to [SignUpRequest{firstName='Jonathan', lastName='Mendoza', email='jmendoza3@gmail.com', password='12345 (truncated)...]
2020-05-07 00:15:40 [http-nio-8083-exec-2] DEBUG o.s.w.s.m.m.a.HttpEntityMethodProcessor - Using 'application/json', given [*/*] and supported [application/json, application/*+json, application/json, application/*+json]
2020-05-07 00:15:40 [http-nio-8083-exec-2] DEBUG o.s.w.s.m.m.a.HttpEntityMethodProcessor - Writing [SignUpResponse{id=1042, firstName='Jonathan', lastName='Mendoza', email='jmendoza3@gmail.com'}]
2020-05-07 00:15:40 [http-nio-8083-exec-2] DEBUG o.s.web.servlet.DispatcherServlet - Completed 201 CREATED
