[2020-05-10 19:23:39.369]  INFO jmendoza-ThinkPad-T420 --- [           main] c.j.s.s.SpringBootSecurityApplication    : Starting SpringBootSecurityApplication on jmendoza-ThinkPad-T420 with PID 16760 (/home/jmendoza/IdeaProjects/JonathanM2ndoza/Spring-Boot-Security/target/classes started by jmendoza in /home/jmendoza/IdeaProjects/JonathanM2ndoza/Spring-Boot-Security)
[2020-05-10 19:23:39.394]  INFO jmendoza-ThinkPad-T420 --- [           main] c.j.s.s.SpringBootSecurityApplication    : No active profile set, falling back to default profiles: default
[2020-05-10 19:23:40.583]  INFO jmendoza-ThinkPad-T420 --- [           main] .s.d.r.c.RepositoryConfigurationDelegate : Bootstrapping Spring Data JPA repositories in DEFAULT mode.
[2020-05-10 19:23:40.661]  INFO jmendoza-ThinkPad-T420 --- [           main] .s.d.r.c.RepositoryConfigurationDelegate : Finished Spring Data repository scanning in 69ms. Found 2 JPA repository interfaces.
[2020-05-10 19:23:41.036]  INFO jmendoza-ThinkPad-T420 --- [           main] trationDelegate$BeanPostProcessorChecker : Bean 'org.springframework.security.config.annotation.configuration.ObjectPostProcessorConfiguration' of type [org.springframework.security.config.annotation.configuration.ObjectPostProcessorConfiguration] is not eligible for getting processed by all BeanPostProcessors (for example: not eligible for auto-proxying)
[2020-05-10 19:23:41.040]  INFO jmendoza-ThinkPad-T420 --- [           main] trationDelegate$BeanPostProcessorChecker : Bean 'objectPostProcessor' of type [org.springframework.security.config.annotation.configuration.AutowireBeanFactoryObjectPostProcessor] is not eligible for getting processed by all BeanPostProcessors (for example: not eligible for auto-proxying)
[2020-05-10 19:23:41.043]  INFO jmendoza-ThinkPad-T420 --- [           main] trationDelegate$BeanPostProcessorChecker : Bean 'org.springframework.security.access.expression.method.DefaultMethodSecurityExpressionHandler@75fc1992' of type [org.springframework.security.access.expression.method.DefaultMethodSecurityExpressionHandler] is not eligible for getting processed by all BeanPostProcessors (for example: not eligible for auto-proxying)
[2020-05-10 19:23:41.047]  INFO jmendoza-ThinkPad-T420 --- [           main] trationDelegate$BeanPostProcessorChecker : Bean 'org.springframework.security.config.annotation.method.configuration.GlobalMethodSecurityConfiguration' of type [org.springframework.security.config.annotation.method.configuration.GlobalMethodSecurityConfiguration] is not eligible for getting processed by all BeanPostProcessors (for example: not eligible for auto-proxying)
[2020-05-10 19:23:41.050]  INFO jmendoza-ThinkPad-T420 --- [           main] trationDelegate$BeanPostProcessorChecker : Bean 'methodSecurityMetadataSource' of type [org.springframework.security.access.method.DelegatingMethodSecurityMetadataSource] is not eligible for getting processed by all BeanPostProcessors (for example: not eligible for auto-proxying)
[2020-05-10 19:23:41.328]  INFO jmendoza-ThinkPad-T420 --- [           main] o.s.b.w.e.t.TomcatWebServer              : Tomcat initialized with port(s): 8083 (http)
[2020-05-10 19:23:41.337]  INFO jmendoza-ThinkPad-T420 --- [           main] o.a.c.h.Http11NioProtocol                : Initializing ProtocolHandler ["http-nio-8083"]
[2020-05-10 19:23:41.338]  INFO jmendoza-ThinkPad-T420 --- [           main] o.a.c.c.StandardService                  : Starting service [Tomcat]
[2020-05-10 19:23:41.339]  INFO jmendoza-ThinkPad-T420 --- [           main] o.a.c.c.StandardEngine                   : Starting Servlet engine: [Apache Tomcat/9.0.33]
[2020-05-10 19:23:41.412]  INFO jmendoza-ThinkPad-T420 --- [           main] o.a.c.c.C.[.[.[/]                        : Initializing Spring embedded WebApplicationContext
[2020-05-10 19:23:41.412]  INFO jmendoza-ThinkPad-T420 --- [           main] o.s.w.c.ContextLoader                    : Root WebApplicationContext: initialization completed in 1951 ms
[2020-05-10 19:23:41.676]  INFO jmendoza-ThinkPad-T420 --- [           main] o.h.j.i.u.LogHelper                      : HHH000204: Processing PersistenceUnitInfo [name: default]
[2020-05-10 19:23:41.730]  INFO jmendoza-ThinkPad-T420 --- [           main] o.h.Version                              : HHH000412: Hibernate ORM core version 5.4.12.Final
[2020-05-10 19:23:41.833]  INFO jmendoza-ThinkPad-T420 --- [           main] o.h.a.c.Version                          : HCANN000001: Hibernate Commons Annotations {5.1.0.Final}
[2020-05-10 19:23:41.920]  INFO jmendoza-ThinkPad-T420 --- [           main] c.z.h.HikariDataSource                   : HikariPool-1 - Starting...
[2020-05-10 19:23:41.996]  INFO jmendoza-ThinkPad-T420 --- [           main] c.z.h.HikariDataSource                   : HikariPool-1 - Start completed.
[2020-05-10 19:23:42.010]  INFO jmendoza-ThinkPad-T420 --- [           main] o.h.d.Dialect                            : HHH000400: Using dialect: org.hibernate.dialect.PostgreSQLDialect
[2020-05-10 19:23:42.756]  INFO jmendoza-ThinkPad-T420 --- [           main] o.h.e.t.j.p.i.JtaPlatformInitiator       : HHH000490: Using JtaPlatform implementation: [org.hibernate.engine.transaction.jta.platform.internal.NoJtaPlatform]
[2020-05-10 19:23:42.765]  INFO jmendoza-ThinkPad-T420 --- [           main] j.LocalContainerEntityManagerFactoryBean : Initialized JPA EntityManagerFactory for persistence unit 'default'
[2020-05-10 19:23:43.209]  WARN jmendoza-ThinkPad-T420 --- [           main] JpaBaseConfiguration$JpaWebConfiguration : spring.jpa.open-in-view is enabled by default. Therefore, database queries may be performed during view rendering. Explicitly configure spring.jpa.open-in-view to disable this warning
[2020-05-10 19:23:43.842]  INFO jmendoza-ThinkPad-T420 --- [           main] o.s.s.w.DefaultSecurityFilterChain       : Creating filter chain: any request, [org.springframework.security.web.context.request.async.WebAsyncManagerIntegrationFilter@6d31f14, org.springframework.security.web.context.SecurityContextPersistenceFilter@1255de25, org.springframework.security.web.header.HeaderWriterFilter@714bffd5, org.springframework.security.web.authentication.logout.LogoutFilter@22c29aa8, com.jmendoza.springboot.security.filter.SecurityRequestFilter@19faedcc, org.springframework.security.web.savedrequest.RequestCacheAwareFilter@5891b7c5, org.springframework.security.web.servletapi.SecurityContextHolderAwareRequestFilter@3221588e, org.springframework.security.web.authentication.AnonymousAuthenticationFilter@404009df, org.springframework.security.web.session.SessionManagementFilter@62158991, org.springframework.security.web.access.ExceptionTranslationFilter@644947ee, org.springframework.security.web.access.intercept.FilterSecurityInterceptor@17053b5]
[2020-05-10 19:23:43.873]  INFO jmendoza-ThinkPad-T420 --- [           main] pertySourcedRequestMappingHandlerMapping : Mapped URL path [/v2/api-docs] onto method [springfox.documentation.swagger2.web.Swagger2Controller#getDocumentation(String, HttpServletRequest)]
[2020-05-10 19:23:44.015]  INFO jmendoza-ThinkPad-T420 --- [           main] o.s.s.c.ThreadPoolTaskExecutor           : Initializing ExecutorService 'applicationTaskExecutor'
[2020-05-10 19:23:44.256]  INFO jmendoza-ThinkPad-T420 --- [           main] d.s.w.p.DocumentationPluginsBootstrapper : Context refreshed
[2020-05-10 19:23:44.272]  INFO jmendoza-ThinkPad-T420 --- [           main] d.s.w.p.DocumentationPluginsBootstrapper : Found 1 custom documentation plugin(s)
[2020-05-10 19:23:44.470]  INFO jmendoza-ThinkPad-T420 --- [           main] s.d.s.w.s.ApiListingReferenceScanner     : Scanning for api listing references
[2020-05-10 19:23:44.649]  INFO jmendoza-ThinkPad-T420 --- [           main] o.a.c.h.Http11NioProtocol                : Starting ProtocolHandler ["http-nio-8083"]
[2020-05-10 19:23:44.669]  INFO jmendoza-ThinkPad-T420 --- [           main] o.s.b.w.e.t.TomcatWebServer              : Tomcat started on port(s): 8083 (http) with context path ''
[2020-05-10 19:23:44.672]  INFO jmendoza-ThinkPad-T420 --- [           main] c.j.s.s.SpringBootSecurityApplication    : Started SpringBootSecurityApplication in 6.176 seconds (JVM running for 7.674)
[2020-05-10 19:23:52.286]  INFO jmendoza-ThinkPad-T420 --- [nio-8083-exec-1] o.a.c.c.C.[.[.[/]                        : Initializing Spring DispatcherServlet 'dispatcherServlet'
[2020-05-10 19:23:52.286]  INFO jmendoza-ThinkPad-T420 --- [nio-8083-exec-1] o.s.w.s.DispatcherServlet                : Initializing Servlet 'dispatcherServlet'
[2020-05-10 19:23:52.293]  INFO jmendoza-ThinkPad-T420 --- [nio-8083-exec-1] o.s.w.s.DispatcherServlet                : Completed initialization in 7 ms
[2020-05-10 19:24:57.268]  INFO jmendoza-ThinkPad-T420 --- [extShutdownHook] o.s.s.c.ThreadPoolTaskExecutor           : Shutting down ExecutorService 'applicationTaskExecutor'
[2020-05-10 19:24:57.275]  INFO jmendoza-ThinkPad-T420 --- [extShutdownHook] j.LocalContainerEntityManagerFactoryBean : Closing JPA EntityManagerFactory for persistence unit 'default'
[2020-05-10 19:24:57.278]  INFO jmendoza-ThinkPad-T420 --- [extShutdownHook] c.z.h.HikariDataSource                   : HikariPool-1 - Shutdown initiated...
[2020-05-10 19:24:57.290]  INFO jmendoza-ThinkPad-T420 --- [extShutdownHook] c.z.h.HikariDataSource                   : HikariPool-1 - Shutdown completed.
